1746073335: mosquitto version 2.0.21 starting
1746073335: Config loaded from /mosquitto/config/mosquitto.conf.
1746073335: Error: Unable to open pwfile "mosquitto/config/mqttpass.txt".
1746073335: Error opening password file "mosquitto/config/mqttpass.txt".
1746073336: mosquitto version 2.0.21 starting
1746073336: Config loaded from /mosquitto/config/mosquitto.conf.
1746073336: Error: Unable to open pwfile "mosquitto/config/mqttpass.txt".
1746073336: Error opening password file "mosquitto/config/mqttpass.txt".
1746073337: mosquitto version 2.0.21 starting
1746073337: Config loaded from /mosquitto/config/mosquitto.conf.
1746073337: Error: Unable to open pwfile "mosquitto/config/mqttpass.txt".
1746073337: Error opening password file "mosquitto/config/mqttpass.txt".
1746073338: mosquitto version 2.0.21 starting
1746073338: Config loaded from /mosquitto/config/mosquitto.conf.
1746073338: Error: Unable to open pwfile "mosquitto/config/mqttpass.txt".
1746073338: Error opening password file "mosquitto/config/mqttpass.txt".
1746073339: mosquitto version 2.0.21 starting
1746073339: Config loaded from /mosquitto/config/mosquitto.conf.
1746073339: Error: Unable to open pwfile "mosquitto/config/mqttpass.txt".
1746073339: Error opening password file "mosquitto/config/mqttpass.txt".
1746073341: mosquitto version 2.0.21 starting
1746073341: Config loaded from /mosquitto/config/mosquitto.conf.
1746073341: Error: Unable to open pwfile "mosquitto/config/mqttpass.txt".
1746073341: Error opening password file "mosquitto/config/mqttpass.txt".
1746073345: mosquitto version 2.0.21 starting
1746073345: Config loaded from /mosquitto/config/mosquitto.conf.
1746073345: Error: Unable to open pwfile "mosquitto/config/mqttpass.txt".
1746073345: Error opening password file "mosquitto/config/mqttpass.txt".
1746073352: mosquitto version 2.0.21 starting
1746073352: Config loaded from /mosquitto/config/mosquitto.conf.
1746073352: Error: Unable to open pwfile "mosquitto/config/mqttpass.txt".
1746073352: Error opening password file "mosquitto/config/mqttpass.txt".
1746073365: mosquitto version 2.0.21 starting
1746073365: Config loaded from /mosquitto/config/mosquitto.conf.
1746073365: Error: Unable to open pwfile "mosquitto/config/mqttpass.txt".
1746073365: Error opening password file "mosquitto/config/mqttpass.txt".
1746073391: mosquitto version 2.0.21 starting
1746073391: Config loaded from /mosquitto/config/mosquitto.conf.
1746073391: Error: Unable to open pwfile "mosquitto/config/mqttpass.txt".
1746073391: Error opening password file "mosquitto/config/mqttpass.txt".
1746073444: mosquitto version 2.0.21 starting
1746073444: Config loaded from /mosquitto/config/mosquitto.conf.
1746073444: Error: Unable to open pwfile "mosquitto/config/mqttpass.txt".
1746073444: Error opening password file "mosquitto/config/mqttpass.txt".
1746073505: mosquitto version 2.0.21 starting
1746073505: Config loaded from /mosquitto/config/mosquitto.conf.
1746073505: Error: Unable to open pwfile "mosquitto/config/mqttpass.txt".
1746073505: Error opening password file "mosquitto/config/mqttpass.txt".
1746073568: mosquitto version 2.0.21 starting
1746073568: Config loaded from /mosquitto/config/mosquitto.conf.
1746073568: Error: Unable to open pwfile "mosquitto/config/mqttpass.txt".
1746073568: Error opening password file "mosquitto/config/mqttpass.txt".
1746073630: mosquitto version 2.0.21 starting
1746073630: Config loaded from /mosquitto/config/mosquitto.conf.
1746073630: Error: Unable to open pwfile "mosquitto/config/mqttpass.txt".
1746073630: Error opening password file "mosquitto/config/mqttpass.txt".
1746073691: mosquitto version 2.0.21 starting
1746073691: Config loaded from /mosquitto/config/mosquitto.conf.
1746073691: Error: Unable to open pwfile "mosquitto/config/mqttpass.txt".
1746073691: Error opening password file "mosquitto/config/mqttpass.txt".
1746073753: mosquitto version 2.0.21 starting
1746073753: Config loaded from /mosquitto/config/mosquitto.conf.
1746073753: Error: Unable to open pwfile "mosquitto/config/mqttpass.txt".
1746073753: Error opening password file "mosquitto/config/mqttpass.txt".
1746073816: mosquitto version 2.0.21 starting
1746073816: Config loaded from /mosquitto/config/mosquitto.conf.
1746073816: Error: Unable to open pwfile "mosquitto/config/mqttpass.txt".
1746073816: Error opening password file "mosquitto/config/mqttpass.txt".
1746073878: mosquitto version 2.0.21 starting
1746073878: Config loaded from /mosquitto/config/mosquitto.conf.
1746073878: Error: Unable to open pwfile "mosquitto/config/mqttpass.txt".
1746073878: Error opening password file "mosquitto/config/mqttpass.txt".
1746073940: mosquitto version 2.0.21 starting
1746073940: Config loaded from /mosquitto/config/mosquitto.conf.
1746073940: Error: Unable to open pwfile "mosquitto/config/mqttpass.txt".
1746073940: Error opening password file "mosquitto/config/mqttpass.txt".
1746074002: mosquitto version 2.0.21 starting
1746074002: Config loaded from /mosquitto/config/mosquitto.conf.
1746074002: Error: Unable to open pwfile "mosquitto/config/mqttpass.txt".
1746074002: Error opening password file "mosquitto/config/mqttpass.txt".
1746074064: mosquitto version 2.0.21 starting
1746074064: Config loaded from /mosquitto/config/mosquitto.conf.
1746074064: Error: Unable to open pwfile "mosquitto/config/mqttpass.txt".
1746074064: Error opening password file "mosquitto/config/mqttpass.txt".
1746074126: mosquitto version 2.0.21 starting
1746074126: Config loaded from /mosquitto/config/mosquitto.conf.
1746074126: Error: Unable to open pwfile "mosquitto/config/mqttpass.txt".
1746074126: Error opening password file "mosquitto/config/mqttpass.txt".
1746074188: mosquitto version 2.0.21 starting
1746074188: Config loaded from /mosquitto/config/mosquitto.conf.
1746074188: Error: Unable to open pwfile "mosquitto/config/mqttpass.txt".
1746074188: Error opening password file "mosquitto/config/mqttpass.txt".
1746074251: mosquitto version 2.0.21 starting
1746074251: Config loaded from /mosquitto/config/mosquitto.conf.
1746074251: Error: Unable to open pwfile "mosquitto/config/mqttpass.txt".
1746074251: Error opening password file "mosquitto/config/mqttpass.txt".
1746074313: mosquitto version 2.0.21 starting
1746074313: Config loaded from /mosquitto/config/mosquitto.conf.
1746074313: Error: Unable to open pwfile "mosquitto/config/mqttpass.txt".
1746074313: Error opening password file "mosquitto/config/mqttpass.txt".
1746074375: mosquitto version 2.0.21 starting
1746074375: Config loaded from /mosquitto/config/mosquitto.conf.
1746074375: Error: Unable to open pwfile "mosquitto/config/mqttpass.txt".
1746074375: Error opening password file "mosquitto/config/mqttpass.txt".
1746074438: mosquitto version 2.0.21 starting
1746074438: Config loaded from /mosquitto/config/mosquitto.conf.
1746074438: Error: Unable to open pwfile "mosquitto/config/mqttpass.txt".
1746074438: Error opening password file "mosquitto/config/mqttpass.txt".
1746074500: mosquitto version 2.0.21 starting
1746074500: Config loaded from /mosquitto/config/mosquitto.conf.
1746074500: Error: Unable to open pwfile "mosquitto/config/mqttpass.txt".
1746074500: Error opening password file "mosquitto/config/mqttpass.txt".
1746074563: mosquitto version 2.0.21 starting
1746074563: Config loaded from /mosquitto/config/mosquitto.conf.
1746074563: Error: Unable to open pwfile "mosquitto/config/mqttpass.txt".
1746074563: Error opening password file "mosquitto/config/mqttpass.txt".
1746074625: mosquitto version 2.0.21 starting
1746074625: Config loaded from /mosquitto/config/mosquitto.conf.
1746074625: Error: Unable to open pwfile "mosquitto/config/mqttpass.txt".
1746074625: Error opening password file "mosquitto/config/mqttpass.txt".
1746074689: mosquitto version 2.0.21 starting
1746074689: Config loaded from /mosquitto/config/mosquitto.conf.
1746074689: Error: Unable to open pwfile "mosquitto/config/mqttpass.txt".
1746074689: Error opening password file "mosquitto/config/mqttpass.txt".
1746074751: mosquitto version 2.0.21 starting
1746074751: Config loaded from /mosquitto/config/mosquitto.conf.
1746074751: Error: Unable to open pwfile "mosquitto/config/mqttpass.txt".
1746074751: Error opening password file "mosquitto/config/mqttpass.txt".
1746074814: mosquitto version 2.0.21 starting
1746074814: Config loaded from /mosquitto/config/mosquitto.conf.
1746074814: Error: Unable to open pwfile "mosquitto/config/mqttpass.txt".
1746074814: Error opening password file "mosquitto/config/mqttpass.txt".
1746074876: mosquitto version 2.0.21 starting
1746074876: Config loaded from /mosquitto/config/mosquitto.conf.
1746074876: Error: Unable to open pwfile "mosquitto/config/mqttpass.txt".
1746074876: Error opening password file "mosquitto/config/mqttpass.txt".
1746074939: mosquitto version 2.0.21 starting
1746074939: Config loaded from /mosquitto/config/mosquitto.conf.
1746074939: Error: Unable to open pwfile "mosquitto/config/mqttpass.txt".
1746074939: Error opening password file "mosquitto/config/mqttpass.txt".
1746075001: mosquitto version 2.0.21 starting
1746075001: Config loaded from /mosquitto/config/mosquitto.conf.
1746075001: Error: Unable to open pwfile "mosquitto/config/mqttpass.txt".
1746075001: Error opening password file "mosquitto/config/mqttpass.txt".
1746075064: mosquitto version 2.0.21 starting
1746075064: Config loaded from /mosquitto/config/mosquitto.conf.
1746075064: Error: Unable to open pwfile "mosquitto/config/mqttpass.txt".
1746075064: Error opening password file "mosquitto/config/mqttpass.txt".
1746075127: mosquitto version 2.0.21 starting
1746075127: Config loaded from /mosquitto/config/mosquitto.conf.
1746075127: Error: Unable to open pwfile "mosquitto/config/mqttpass.txt".
1746075127: Error opening password file "mosquitto/config/mqttpass.txt".
1746075189: mosquitto version 2.0.21 starting
1746075189: Config loaded from /mosquitto/config/mosquitto.conf.
1746075189: Error: Unable to open pwfile "mosquitto/config/mqttpass.txt".
1746075189: Error opening password file "mosquitto/config/mqttpass.txt".
1746075252: mosquitto version 2.0.21 starting
1746075252: Config loaded from /mosquitto/config/mosquitto.conf.
1746075252: Error: Unable to open pwfile "mosquitto/config/mqttpass.txt".
1746075252: Error opening password file "mosquitto/config/mqttpass.txt".
1746075314: mosquitto version 2.0.21 starting
1746075314: Config loaded from /mosquitto/config/mosquitto.conf.
1746075314: Error: Unable to open pwfile "mosquitto/config/mqttpass.txt".
1746075314: Error opening password file "mosquitto/config/mqttpass.txt".
1746075377: mosquitto version 2.0.21 starting
1746075377: Config loaded from /mosquitto/config/mosquitto.conf.
1746075377: Error: Unable to open pwfile "mosquitto/config/mqttpass.txt".
1746075377: Error opening password file "mosquitto/config/mqttpass.txt".
1746075440: mosquitto version 2.0.21 starting
1746075440: Config loaded from /mosquitto/config/mosquitto.conf.
1746075440: Error: Unable to open pwfile "mosquitto/config/mqttpass.txt".
1746075440: Error opening password file "mosquitto/config/mqttpass.txt".
1746075502: mosquitto version 2.0.21 starting
1746075502: Config loaded from /mosquitto/config/mosquitto.conf.
1746075502: Error: Unable to open pwfile "mosquitto/config/mqttpass.txt".
1746075502: Error opening password file "mosquitto/config/mqttpass.txt".
1746075565: mosquitto version 2.0.21 starting
1746075565: Config loaded from /mosquitto/config/mosquitto.conf.
1746075565: Error: Unable to open pwfile "mosquitto/config/mqttpass.txt".
1746075565: Error opening password file "mosquitto/config/mqttpass.txt".
1746075628: mosquitto version 2.0.21 starting
1746075628: Config loaded from /mosquitto/config/mosquitto.conf.
1746075628: Error: Unable to open pwfile "mosquitto/config/mqttpass.txt".
1746075628: Error opening password file "mosquitto/config/mqttpass.txt".
1746075691: mosquitto version 2.0.21 starting
1746075691: Config loaded from /mosquitto/config/mosquitto.conf.
1746075691: Error: Unable to open pwfile "mosquitto/config/mqttpass.txt".
1746075691: Error opening password file "mosquitto/config/mqttpass.txt".
1746075753: mosquitto version 2.0.21 starting
1746075753: Config loaded from /mosquitto/config/mosquitto.conf.
1746075753: Error: Unable to open pwfile "mosquitto/config/mqttpass.txt".
1746075753: Error opening password file "mosquitto/config/mqttpass.txt".
1746075816: mosquitto version 2.0.21 starting
1746075816: Config loaded from /mosquitto/config/mosquitto.conf.
1746075816: Error: Unable to open pwfile "mosquitto/config/mqttpass.txt".
1746075816: Error opening password file "mosquitto/config/mqttpass.txt".
1746075879: mosquitto version 2.0.21 starting
1746075879: Config loaded from /mosquitto/config/mosquitto.conf.
1746075879: Error: Unable to open pwfile "mosquitto/config/mqttpass.txt".
1746075879: Error opening password file "mosquitto/config/mqttpass.txt".
1746075941: mosquitto version 2.0.21 starting
1746075941: Config loaded from /mosquitto/config/mosquitto.conf.
1746075941: Error: Unable to open pwfile "mosquitto/config/mqttpass.txt".
1746075941: Error opening password file "mosquitto/config/mqttpass.txt".
1746076004: mosquitto version 2.0.21 starting
1746076004: Config loaded from /mosquitto/config/mosquitto.conf.
1746076004: Error: Unable to open pwfile "mosquitto/config/mqttpass.txt".
1746076004: Error opening password file "mosquitto/config/mqttpass.txt".
1746076067: mosquitto version 2.0.21 starting
1746076067: Config loaded from /mosquitto/config/mosquitto.conf.
1746076067: Error: Unable to open pwfile "mosquitto/config/mqttpass.txt".
1746076067: Error opening password file "mosquitto/config/mqttpass.txt".
1746076130: mosquitto version 2.0.21 starting
1746076130: Config loaded from /mosquitto/config/mosquitto.conf.
1746076130: Error: Unable to open pwfile "mosquitto/config/mqttpass.txt".
1746076130: Error opening password file "mosquitto/config/mqttpass.txt".
1746076192: mosquitto version 2.0.21 starting
1746076192: Config loaded from /mosquitto/config/mosquitto.conf.
1746076192: Error: Unable to open pwfile "mosquitto/config/mqttpass.txt".
1746076192: Error opening password file "mosquitto/config/mqttpass.txt".
1746076255: mosquitto version 2.0.21 starting
1746076255: Config loaded from /mosquitto/config/mosquitto.conf.
1746076255: Error: Unable to open pwfile "mosquitto/config/mqttpass.txt".
1746076255: Error opening password file "mosquitto/config/mqttpass.txt".
1746076318: mosquitto version 2.0.21 starting
1746076318: Config loaded from /mosquitto/config/mosquitto.conf.
1746076318: Error: Unable to open pwfile "mosquitto/config/mqttpass.txt".
1746076318: Error opening password file "mosquitto/config/mqttpass.txt".
1746076381: mosquitto version 2.0.21 starting
1746076381: Config loaded from /mosquitto/config/mosquitto.conf.
1746076381: Error: Unable to open pwfile "mosquitto/config/mqttpass.txt".
1746076381: Error opening password file "mosquitto/config/mqttpass.txt".
1746076443: mosquitto version 2.0.21 starting
1746076443: Config loaded from /mosquitto/config/mosquitto.conf.
1746076443: Error: Unable to open pwfile "mosquitto/config/mqttpass.txt".
1746076443: Error opening password file "mosquitto/config/mqttpass.txt".
1746076506: mosquitto version 2.0.21 starting
1746076506: Config loaded from /mosquitto/config/mosquitto.conf.
1746076506: Error: Unable to open pwfile "mosquitto/config/mqttpass.txt".
1746076506: Error opening password file "mosquitto/config/mqttpass.txt".
1746076569: mosquitto version 2.0.21 starting
1746076569: Config loaded from /mosquitto/config/mosquitto.conf.
1746076569: Error: Unable to open pwfile "mosquitto/config/mqttpass.txt".
1746076569: Error opening password file "mosquitto/config/mqttpass.txt".
1746076632: mosquitto version 2.0.21 starting
1746076632: Config loaded from /mosquitto/config/mosquitto.conf.
1746076632: Error: Unable to open pwfile "mosquitto/config/mqttpass.txt".
1746076632: Error opening password file "mosquitto/config/mqttpass.txt".
1746076695: mosquitto version 2.0.21 starting
1746076695: Config loaded from /mosquitto/config/mosquitto.conf.
1746076695: Error: Unable to open pwfile "mosquitto/config/mqttpass.txt".
1746076695: Error opening password file "mosquitto/config/mqttpass.txt".
1746076757: mosquitto version 2.0.21 starting
1746076757: Config loaded from /mosquitto/config/mosquitto.conf.
1746076757: Error: Unable to open pwfile "mosquitto/config/mqttpass.txt".
1746076757: Error opening password file "mosquitto/config/mqttpass.txt".
1746076820: mosquitto version 2.0.21 starting
1746076820: Config loaded from /mosquitto/config/mosquitto.conf.
1746076820: Error: Unable to open pwfile "mosquitto/config/mqttpass.txt".
1746076820: Error opening password file "mosquitto/config/mqttpass.txt".
1746076883: mosquitto version 2.0.21 starting
1746076883: Config loaded from /mosquitto/config/mosquitto.conf.
1746076883: Error: Unable to open pwfile "mosquitto/config/mqttpass.txt".
1746076883: Error opening password file "mosquitto/config/mqttpass.txt".
1746076946: mosquitto version 2.0.21 starting
1746076946: Config loaded from /mosquitto/config/mosquitto.conf.
1746076946: Error: Unable to open pwfile "mosquitto/config/mqttpass.txt".
1746076946: Error opening password file "mosquitto/config/mqttpass.txt".
1746077009: mosquitto version 2.0.21 starting
1746077009: Config loaded from /mosquitto/config/mosquitto.conf.
1746077009: Error: Unable to open pwfile "mosquitto/config/mqttpass.txt".
1746077009: Error opening password file "mosquitto/config/mqttpass.txt".
1746077072: mosquitto version 2.0.21 starting
1746077072: Config loaded from /mosquitto/config/mosquitto.conf.
1746077072: Error: Unable to open pwfile "mosquitto/config/mqttpass.txt".
1746077072: Error opening password file "mosquitto/config/mqttpass.txt".
1746077135: mosquitto version 2.0.21 starting
1746077135: Config loaded from /mosquitto/config/mosquitto.conf.
1746077135: Error: Unable to open pwfile "mosquitto/config/mqttpass.txt".
1746077135: Error opening password file "mosquitto/config/mqttpass.txt".
1746077198: mosquitto version 2.0.21 starting
1746077198: Config loaded from /mosquitto/config/mosquitto.conf.
1746077198: Error: Unable to open pwfile "mosquitto/config/mqttpass.txt".
1746077198: Error opening password file "mosquitto/config/mqttpass.txt".
1746077260: mosquitto version 2.0.21 starting
1746077260: Config loaded from /mosquitto/config/mosquitto.conf.
1746077260: Error: Unable to open pwfile "mosquitto/config/mqttpass.txt".
1746077260: Error opening password file "mosquitto/config/mqttpass.txt".
1746077323: mosquitto version 2.0.21 starting
1746077323: Config loaded from /mosquitto/config/mosquitto.conf.
1746077323: Error: Unable to open pwfile "mosquitto/config/mqttpass.txt".
1746077323: Error opening password file "mosquitto/config/mqttpass.txt".
1746077386: mosquitto version 2.0.21 starting
1746077386: Config loaded from /mosquitto/config/mosquitto.conf.
1746077386: Error: Unable to open pwfile "mosquitto/config/mqttpass.txt".
1746077386: Error opening password file "mosquitto/config/mqttpass.txt".
1746077449: mosquitto version 2.0.21 starting
1746077449: Config loaded from /mosquitto/config/mosquitto.conf.
1746077449: Error: Unable to open pwfile "mosquitto/config/mqttpass.txt".
1746077449: Error opening password file "mosquitto/config/mqttpass.txt".
1746077512: mosquitto version 2.0.21 starting
1746077512: Config loaded from /mosquitto/config/mosquitto.conf.
1746077512: Error: Unable to open pwfile "mosquitto/config/mqttpass.txt".
1746077512: Error opening password file "mosquitto/config/mqttpass.txt".
1746077575: mosquitto version 2.0.21 starting
1746077575: Config loaded from /mosquitto/config/mosquitto.conf.
1746077575: Error: Unable to open pwfile "mosquitto/config/mqttpass.txt".
1746077575: Error opening password file "mosquitto/config/mqttpass.txt".
1746077638: mosquitto version 2.0.21 starting
1746077638: Config loaded from /mosquitto/config/mosquitto.conf.
1746077638: Error: Unable to open pwfile "mosquitto/config/mqttpass.txt".
1746077638: Error opening password file "mosquitto/config/mqttpass.txt".
1746077701: mosquitto version 2.0.21 starting
1746077701: Config loaded from /mosquitto/config/mosquitto.conf.
1746077701: Error: Unable to open pwfile "mosquitto/config/mqttpass.txt".
1746077701: Error opening password file "mosquitto/config/mqttpass.txt".
1746077764: mosquitto version 2.0.21 starting
1746077764: Config loaded from /mosquitto/config/mosquitto.conf.
1746077764: Error: Unable to open pwfile "mosquitto/config/mqttpass.txt".
1746077764: Error opening password file "mosquitto/config/mqttpass.txt".
1746077827: mosquitto version 2.0.21 starting
1746077827: Config loaded from /mosquitto/config/mosquitto.conf.
1746077827: Error: Unable to open pwfile "mosquitto/config/mqttpass.txt".
1746077827: Error opening password file "mosquitto/config/mqttpass.txt".
1746077890: mosquitto version 2.0.21 starting
1746077890: Config loaded from /mosquitto/config/mosquitto.conf.
1746077890: Error: Unable to open pwfile "mosquitto/config/mqttpass.txt".
1746077890: Error opening password file "mosquitto/config/mqttpass.txt".
1746077953: mosquitto version 2.0.21 starting
1746077953: Config loaded from /mosquitto/config/mosquitto.conf.
1746077953: Error: Unable to open pwfile "mosquitto/config/mqttpass.txt".
1746077953: Error opening password file "mosquitto/config/mqttpass.txt".
1746078016: mosquitto version 2.0.21 starting
1746078016: Config loaded from /mosquitto/config/mosquitto.conf.
1746078016: Error: Unable to open pwfile "mosquitto/config/mqttpass.txt".
1746078016: Error opening password file "mosquitto/config/mqttpass.txt".
1746078079: mosquitto version 2.0.21 starting
1746078079: Config loaded from /mosquitto/config/mosquitto.conf.
1746078079: Error: Unable to open pwfile "mosquitto/config/mqttpass.txt".
1746078079: Error opening password file "mosquitto/config/mqttpass.txt".
1746078142: mosquitto version 2.0.21 starting
1746078142: Config loaded from /mosquitto/config/mosquitto.conf.
1746078142: Error: Unable to open pwfile "mosquitto/config/mqttpass.txt".
1746078142: Error opening password file "mosquitto/config/mqttpass.txt".
1746078205: mosquitto version 2.0.21 starting
1746078205: Config loaded from /mosquitto/config/mosquitto.conf.
1746078205: Error: Unable to open pwfile "mosquitto/config/mqttpass.txt".
1746078205: Error opening password file "mosquitto/config/mqttpass.txt".
1746078268: mosquitto version 2.0.21 starting
1746078268: Config loaded from /mosquitto/config/mosquitto.conf.
1746078268: Error: Unable to open pwfile "mosquitto/config/mqttpass.txt".
1746078268: Error opening password file "mosquitto/config/mqttpass.txt".
1746078331: mosquitto version 2.0.21 starting
1746078331: Config loaded from /mosquitto/config/mosquitto.conf.
1746078331: Error: Unable to open pwfile "mosquitto/config/mqttpass.txt".
1746078331: Error opening password file "mosquitto/config/mqttpass.txt".
1746078394: mosquitto version 2.0.21 starting
1746078394: Config loaded from /mosquitto/config/mosquitto.conf.
1746078394: Error: Unable to open pwfile "mosquitto/config/mqttpass.txt".
1746078394: Error opening password file "mosquitto/config/mqttpass.txt".
1746078457: mosquitto version 2.0.21 starting
1746078457: Config loaded from /mosquitto/config/mosquitto.conf.
1746078457: Error: Unable to open pwfile "mosquitto/config/mqttpass.txt".
1746078457: Error opening password file "mosquitto/config/mqttpass.txt".
1746078520: mosquitto version 2.0.21 starting
1746078520: Config loaded from /mosquitto/config/mosquitto.conf.
1746078520: Error: Unable to open pwfile "mosquitto/config/mqttpass.txt".
1746078520: Error opening password file "mosquitto/config/mqttpass.txt".
1746078583: mosquitto version 2.0.21 starting
1746078583: Config loaded from /mosquitto/config/mosquitto.conf.
1746078583: Error: Unable to open pwfile "mosquitto/config/mqttpass.txt".
1746078583: Error opening password file "mosquitto/config/mqttpass.txt".
1746078646: mosquitto version 2.0.21 starting
1746078646: Config loaded from /mosquitto/config/mosquitto.conf.
1746078646: Error: Unable to open pwfile "mosquitto/config/mqttpass.txt".
1746078646: Error opening password file "mosquitto/config/mqttpass.txt".
1746078709: mosquitto version 2.0.21 starting
1746078709: Config loaded from /mosquitto/config/mosquitto.conf.
1746078709: Error: Unable to open pwfile "mosquitto/config/mqttpass.txt".
1746078709: Error opening password file "mosquitto/config/mqttpass.txt".
1746078772: mosquitto version 2.0.21 starting
1746078772: Config loaded from /mosquitto/config/mosquitto.conf.
1746078772: Error: Unable to open pwfile "mosquitto/config/mqttpass.txt".
1746078772: Error opening password file "mosquitto/config/mqttpass.txt".
1746078835: mosquitto version 2.0.21 starting
1746078835: Config loaded from /mosquitto/config/mosquitto.conf.
1746078835: Error: Unable to open pwfile "mosquitto/config/mqttpass.txt".
1746078835: Error opening password file "mosquitto/config/mqttpass.txt".
1746078898: mosquitto version 2.0.21 starting
1746078898: Config loaded from /mosquitto/config/mosquitto.conf.
1746078898: Error: Unable to open pwfile "mosquitto/config/mqttpass.txt".
1746078898: Error opening password file "mosquitto/config/mqttpass.txt".
1746078961: mosquitto version 2.0.21 starting
1746078961: Config loaded from /mosquitto/config/mosquitto.conf.
1746078961: Error: Unable to open pwfile "mosquitto/config/mqttpass.txt".
1746078961: Error opening password file "mosquitto/config/mqttpass.txt".
1746079024: mosquitto version 2.0.21 starting
1746079024: Config loaded from /mosquitto/config/mosquitto.conf.
1746079024: Error: Unable to open pwfile "mosquitto/config/mqttpass.txt".
1746079024: Error opening password file "mosquitto/config/mqttpass.txt".
1746079087: mosquitto version 2.0.21 starting
1746079087: Config loaded from /mosquitto/config/mosquitto.conf.
1746079087: Error: Unable to open pwfile "mosquitto/config/mqttpass.txt".
1746079087: Error opening password file "mosquitto/config/mqttpass.txt".
1746079150: mosquitto version 2.0.21 starting
1746079150: Config loaded from /mosquitto/config/mosquitto.conf.
1746079150: Error: Unable to open pwfile "mosquitto/config/mqttpass.txt".
1746079150: Error opening password file "mosquitto/config/mqttpass.txt".
1746079213: mosquitto version 2.0.21 starting
1746079213: Config loaded from /mosquitto/config/mosquitto.conf.
1746079213: Error: Unable to open pwfile "mosquitto/config/mqttpass.txt".
1746079213: Error opening password file "mosquitto/config/mqttpass.txt".
1746079276: mosquitto version 2.0.21 starting
1746079276: Config loaded from /mosquitto/config/mosquitto.conf.
1746079276: Error: Unable to open pwfile "mosquitto/config/mqttpass.txt".
1746079276: Error opening password file "mosquitto/config/mqttpass.txt".
1746079340: mosquitto version 2.0.21 starting
1746079340: Config loaded from /mosquitto/config/mosquitto.conf.
1746079340: Error: Unable to open pwfile "mosquitto/config/mqttpass.txt".
1746079340: Error opening password file "mosquitto/config/mqttpass.txt".
1746079403: mosquitto version 2.0.21 starting
1746079403: Config loaded from /mosquitto/config/mosquitto.conf.
1746079403: Error: Unable to open pwfile "mosquitto/config/mqttpass.txt".
1746079403: Error opening password file "mosquitto/config/mqttpass.txt".
1746079466: mosquitto version 2.0.21 starting
1746079466: Config loaded from /mosquitto/config/mosquitto.conf.
1746079466: Error: Unable to open pwfile "mosquitto/config/mqttpass.txt".
1746079466: Error opening password file "mosquitto/config/mqttpass.txt".
1746079529: mosquitto version 2.0.21 starting
1746079529: Config loaded from /mosquitto/config/mosquitto.conf.
1746079529: Error: Unable to open pwfile "mosquitto/config/mqttpass.txt".
1746079529: Error opening password file "mosquitto/config/mqttpass.txt".
1746079592: mosquitto version 2.0.21 starting
1746079592: Config loaded from /mosquitto/config/mosquitto.conf.
1746079592: Error: Unable to open pwfile "mosquitto/config/mqttpass.txt".
1746079592: Error opening password file "mosquitto/config/mqttpass.txt".
1746079655: mosquitto version 2.0.21 starting
1746079655: Config loaded from /mosquitto/config/mosquitto.conf.
1746079655: Error: Unable to open pwfile "mosquitto/config/mqttpass.txt".
1746079655: Error opening password file "mosquitto/config/mqttpass.txt".
1746079718: mosquitto version 2.0.21 starting
1746079718: Config loaded from /mosquitto/config/mosquitto.conf.
1746079718: Error: Unable to open pwfile "mosquitto/config/mqttpass.txt".
1746079718: Error opening password file "mosquitto/config/mqttpass.txt".
1746079781: mosquitto version 2.0.21 starting
1746079781: Config loaded from /mosquitto/config/mosquitto.conf.
1746079781: Error: Unable to open pwfile "mosquitto/config/mqttpass.txt".
1746079781: Error opening password file "mosquitto/config/mqttpass.txt".
1746079845: mosquitto version 2.0.21 starting
1746079845: Config loaded from /mosquitto/config/mosquitto.conf.
1746079845: Error: Unable to open pwfile "mosquitto/config/mqttpass.txt".
1746079845: Error opening password file "mosquitto/config/mqttpass.txt".
1746079908: mosquitto version 2.0.21 starting
1746079908: Config loaded from /mosquitto/config/mosquitto.conf.
1746079908: Error: Unable to open pwfile "mosquitto/config/mqttpass.txt".
1746079908: Error opening password file "mosquitto/config/mqttpass.txt".
1746079971: mosquitto version 2.0.21 starting
1746079971: Config loaded from /mosquitto/config/mosquitto.conf.
1746079971: Error: Unable to open pwfile "mosquitto/config/mqttpass.txt".
1746079971: Error opening password file "mosquitto/config/mqttpass.txt".
1746080151: mosquitto version 2.0.21 starting
1746080151: Config loaded from /mosquitto/config/mosquitto.conf.
1746080151: Error: Unable to open pwfile "mosquitto/config/mqttpass.txt".
1746080151: Error opening password file "mosquitto/config/mqttpass.txt".
1746080153: mosquitto version 2.0.21 starting
1746080153: Config loaded from /mosquitto/config/mosquitto.conf.
1746080153: Error: Unable to open pwfile "mosquitto/config/mqttpass.txt".
1746080153: Error opening password file "mosquitto/config/mqttpass.txt".
1746080154: mosquitto version 2.0.21 starting
1746080154: Config loaded from /mosquitto/config/mosquitto.conf.
1746080154: Error: Unable to open pwfile "mosquitto/config/mqttpass.txt".
1746080154: Error opening password file "mosquitto/config/mqttpass.txt".
1746080155: mosquitto version 2.0.21 starting
1746080155: Config loaded from /mosquitto/config/mosquitto.conf.
1746080155: Error: Unable to open pwfile "mosquitto/config/mqttpass.txt".
1746080155: Error opening password file "mosquitto/config/mqttpass.txt".
1746080156: mosquitto version 2.0.21 starting
1746080156: Config loaded from /mosquitto/config/mosquitto.conf.
1746080156: Error: Unable to open pwfile "mosquitto/config/mqttpass.txt".
1746080156: Error opening password file "mosquitto/config/mqttpass.txt".
1746080158: mosquitto version 2.0.21 starting
1746080158: Config loaded from /mosquitto/config/mosquitto.conf.
1746080158: Error: Unable to open pwfile "mosquitto/config/mqttpass.txt".
1746080158: Error opening password file "mosquitto/config/mqttpass.txt".
1746080162: mosquitto version 2.0.21 starting
1746080162: Config loaded from /mosquitto/config/mosquitto.conf.
1746080162: Error: Unable to open pwfile "mosquitto/config/mqttpass.txt".
1746080162: Error opening password file "mosquitto/config/mqttpass.txt".
1746080168: mosquitto version 2.0.21 starting
1746080168: Config loaded from /mosquitto/config/mosquitto.conf.
1746080168: Error: Unable to open pwfile "mosquitto/config/mqttpass.txt".
1746080168: Error opening password file "mosquitto/config/mqttpass.txt".
1746080182: mosquitto version 2.0.21 starting
1746080182: Config loaded from /mosquitto/config/mosquitto.conf.
1746080182: Error: Unable to open pwfile "mosquitto/config/mqttpass.txt".
1746080182: Error opening password file "mosquitto/config/mqttpass.txt".
1746080208: mosquitto version 2.0.21 starting
1746080208: Config loaded from /mosquitto/config/mosquitto.conf.
1746080208: Error: Unable to open pwfile "mosquitto/config/mqttpass.txt".
1746080208: Error opening password file "mosquitto/config/mqttpass.txt".
1746080260: mosquitto version 2.0.21 starting
1746080260: Config loaded from /mosquitto/config/mosquitto.conf.
1746080260: Error: Unable to open pwfile "mosquitto/config/mqttpass.txt".
1746080260: Error opening password file "mosquitto/config/mqttpass.txt".
1746080322: mosquitto version 2.0.21 starting
1746080322: Config loaded from /mosquitto/config/mosquitto.conf.
1746080322: Error: Unable to open pwfile "mosquitto/config/mqttpass.txt".
1746080322: Error opening password file "mosquitto/config/mqttpass.txt".
1746080384: mosquitto version 2.0.21 starting
1746080384: Config loaded from /mosquitto/config/mosquitto.conf.
1746080384: Error: Unable to open pwfile "mosquitto/config/mqttpass.txt".
1746080384: Error opening password file "mosquitto/config/mqttpass.txt".
1746080446: mosquitto version 2.0.21 starting
1746080446: Config loaded from /mosquitto/config/mosquitto.conf.
1746080446: Error: Unable to open pwfile "mosquitto/config/mqttpass.txt".
1746080446: Error opening password file "mosquitto/config/mqttpass.txt".
1746080508: mosquitto version 2.0.21 starting
1746080508: Config loaded from /mosquitto/config/mosquitto.conf.
1746080508: Error: Unable to open pwfile "mosquitto/config/mqttpass.txt".
1746080508: Error opening password file "mosquitto/config/mqttpass.txt".
1746080570: mosquitto version 2.0.21 starting
1746080570: Config loaded from /mosquitto/config/mosquitto.conf.
1746080570: Error: Unable to open pwfile "mosquitto/config/mqttpass.txt".
1746080570: Error opening password file "mosquitto/config/mqttpass.txt".
1746080632: mosquitto version 2.0.21 starting
1746080632: Config loaded from /mosquitto/config/mosquitto.conf.
1746080632: Error: Unable to open pwfile "mosquitto/config/mqttpass.txt".
1746080632: Error opening password file "mosquitto/config/mqttpass.txt".
1746080694: mosquitto version 2.0.21 starting
1746080694: Config loaded from /mosquitto/config/mosquitto.conf.
1746080694: Error: Unable to open pwfile "mosquitto/config/mqttpass.txt".
1746080694: Error opening password file "mosquitto/config/mqttpass.txt".
1746080756: mosquitto version 2.0.21 starting
1746080756: Config loaded from /mosquitto/config/mosquitto.conf.
1746080756: Error: Unable to open pwfile "mosquitto/config/mqttpass.txt".
1746080756: Error opening password file "mosquitto/config/mqttpass.txt".
1746080819: mosquitto version 2.0.21 starting
1746080819: Config loaded from /mosquitto/config/mosquitto.conf.
1746080819: Error: Unable to open pwfile "mosquitto/config/mqttpass.txt".
1746080819: Error opening password file "mosquitto/config/mqttpass.txt".
1746080881: mosquitto version 2.0.21 starting
1746080881: Config loaded from /mosquitto/config/mosquitto.conf.
1746080881: Error: Unable to open pwfile "mosquitto/config/mqttpass.txt".
1746080881: Error opening password file "mosquitto/config/mqttpass.txt".
1746080943: mosquitto version 2.0.21 starting
1746080943: Config loaded from /mosquitto/config/mosquitto.conf.
1746080943: Error: Unable to open pwfile "mosquitto/config/mqttpass.txt".
1746080943: Error opening password file "mosquitto/config/mqttpass.txt".
1746081006: mosquitto version 2.0.21 starting
1746081006: Config loaded from /mosquitto/config/mosquitto.conf.
1746081006: Error: Unable to open pwfile "mosquitto/config/mqttpass.txt".
1746081006: Error opening password file "mosquitto/config/mqttpass.txt".
1746081068: mosquitto version 2.0.21 starting
1746081068: Config loaded from /mosquitto/config/mosquitto.conf.
1746081068: Error: Unable to open pwfile "mosquitto/config/mqttpass.txt".
1746081068: Error opening password file "mosquitto/config/mqttpass.txt".
1746081130: mosquitto version 2.0.21 starting
1746081130: Config loaded from /mosquitto/config/mosquitto.conf.
1746081130: Error: Unable to open pwfile "mosquitto/config/mqttpass.txt".
1746081130: Error opening password file "mosquitto/config/mqttpass.txt".
1746081193: mosquitto version 2.0.21 starting
1746081193: Config loaded from /mosquitto/config/mosquitto.conf.
1746081193: Error: Unable to open pwfile "mosquitto/config/mqttpass.txt".
1746081193: Error opening password file "mosquitto/config/mqttpass.txt".
1746081255: mosquitto version 2.0.21 starting
1746081255: Config loaded from /mosquitto/config/mosquitto.conf.
1746081255: Error: Unable to open pwfile "mosquitto/config/mqttpass.txt".
1746081255: Error opening password file "mosquitto/config/mqttpass.txt".
1746081318: mosquitto version 2.0.21 starting
1746081318: Config loaded from /mosquitto/config/mosquitto.conf.
1746081318: Error: Unable to open pwfile "mosquitto/config/mqttpass.txt".
1746081318: Error opening password file "mosquitto/config/mqttpass.txt".
1746081381: mosquitto version 2.0.21 starting
1746081381: Config loaded from /mosquitto/config/mosquitto.conf.
1746081381: Error: Unable to open pwfile "mosquitto/config/mqttpass.txt".
1746081381: Error opening password file "mosquitto/config/mqttpass.txt".
1746081444: mosquitto version 2.0.21 starting
1746081444: Config loaded from /mosquitto/config/mosquitto.conf.
1746081444: Error: Unable to open pwfile "mosquitto/config/mqttpass.txt".
1746081444: Error opening password file "mosquitto/config/mqttpass.txt".
1746081506: mosquitto version 2.0.21 starting
1746081506: Config loaded from /mosquitto/config/mosquitto.conf.
1746081506: Error: Unable to open pwfile "mosquitto/config/mqttpass.txt".
1746081506: Error opening password file "mosquitto/config/mqttpass.txt".
1746081569: mosquitto version 2.0.21 starting
1746081569: Config loaded from /mosquitto/config/mosquitto.conf.
1746081569: Error: Unable to open pwfile "mosquitto/config/mqttpass.txt".
1746081569: Error opening password file "mosquitto/config/mqttpass.txt".
1746081632: mosquitto version 2.0.21 starting
1746081632: Config loaded from /mosquitto/config/mosquitto.conf.
1746081632: Error: Unable to open pwfile "mosquitto/config/mqttpass.txt".
1746081632: Error opening password file "mosquitto/config/mqttpass.txt".
1746081694: mosquitto version 2.0.21 starting
1746081694: Config loaded from /mosquitto/config/mosquitto.conf.
1746081694: Error: Unable to open pwfile "mosquitto/config/mqttpass.txt".
1746081694: Error opening password file "mosquitto/config/mqttpass.txt".
1746081757: mosquitto version 2.0.21 starting
1746081757: Config loaded from /mosquitto/config/mosquitto.conf.
1746081757: Error: Unable to open pwfile "mosquitto/config/mqttpass.txt".
1746081757: Error opening password file "mosquitto/config/mqttpass.txt".
1746081820: mosquitto version 2.0.21 starting
1746081820: Config loaded from /mosquitto/config/mosquitto.conf.
1746081820: Error: Unable to open pwfile "mosquitto/config/mqttpass.txt".
1746081820: Error opening password file "mosquitto/config/mqttpass.txt".
1746081882: mosquitto version 2.0.21 starting
1746081882: Config loaded from /mosquitto/config/mosquitto.conf.
1746081882: Error: Unable to open pwfile "mosquitto/config/mqttpass.txt".
1746081882: Error opening password file "mosquitto/config/mqttpass.txt".
1746081945: mosquitto version 2.0.21 starting
1746081945: Config loaded from /mosquitto/config/mosquitto.conf.
1746081945: Error: Unable to open pwfile "mosquitto/config/mqttpass.txt".
1746081945: Error opening password file "mosquitto/config/mqttpass.txt".
1746082007: mosquitto version 2.0.21 starting
1746082007: Config loaded from /mosquitto/config/mosquitto.conf.
1746082007: Error: Unable to open pwfile "mosquitto/config/mqttpass.txt".
1746082007: Error opening password file "mosquitto/config/mqttpass.txt".
1746082070: mosquitto version 2.0.21 starting
1746082070: Config loaded from /mosquitto/config/mosquitto.conf.
1746082070: Error: Unable to open pwfile "mosquitto/config/mqttpass.txt".
1746082070: Error opening password file "mosquitto/config/mqttpass.txt".
1746082133: mosquitto version 2.0.21 starting
1746082133: Config loaded from /mosquitto/config/mosquitto.conf.
1746082133: Error: Unable to open pwfile "mosquitto/config/mqttpass.txt".
1746082133: Error opening password file "mosquitto/config/mqttpass.txt".
1746082196: mosquitto version 2.0.21 starting
1746082196: Config loaded from /mosquitto/config/mosquitto.conf.
1746082196: Error: Unable to open pwfile "mosquitto/config/mqttpass.txt".
1746082196: Error opening password file "mosquitto/config/mqttpass.txt".
1746105353: mosquitto version 2.0.21 starting
1746105353: Config loaded from /mosquitto/config/mosquitto.conf.
1746105353: Error: Unable to open pwfile "mosquitto/config/mqttpass.txt".
1746105353: Error opening password file "mosquitto/config/mqttpass.txt".
1746105354: mosquitto version 2.0.21 starting
1746105354: Config loaded from /mosquitto/config/mosquitto.conf.
1746105354: Error: Unable to open pwfile "mosquitto/config/mqttpass.txt".
1746105354: Error opening password file "mosquitto/config/mqttpass.txt".
1746105355: mosquitto version 2.0.21 starting
1746105355: Config loaded from /mosquitto/config/mosquitto.conf.
1746105355: Error: Unable to open pwfile "mosquitto/config/mqttpass.txt".
1746105355: Error opening password file "mosquitto/config/mqttpass.txt".
1746105356: mosquitto version 2.0.21 starting
1746105356: Config loaded from /mosquitto/config/mosquitto.conf.
1746105356: Error: Unable to open pwfile "mosquitto/config/mqttpass.txt".
1746105356: Error opening password file "mosquitto/config/mqttpass.txt".
1746105357: mosquitto version 2.0.21 starting
1746105357: Config loaded from /mosquitto/config/mosquitto.conf.
1746105357: Error: Unable to open pwfile "mosquitto/config/mqttpass.txt".
1746105357: Error opening password file "mosquitto/config/mqttpass.txt".
1746105359: mosquitto version 2.0.21 starting
1746105359: Config loaded from /mosquitto/config/mosquitto.conf.
1746105359: Error: Unable to open pwfile "mosquitto/config/mqttpass.txt".
1746105359: Error opening password file "mosquitto/config/mqttpass.txt".
1746105363: mosquitto version 2.0.21 starting
1746105363: Config loaded from /mosquitto/config/mosquitto.conf.
1746105363: Error: Unable to open pwfile "mosquitto/config/mqttpass.txt".
1746105363: Error opening password file "mosquitto/config/mqttpass.txt".
1746105370: mosquitto version 2.0.21 starting
1746105370: Config loaded from /mosquitto/config/mosquitto.conf.
1746105370: Error: Unable to open pwfile "mosquitto/config/mqttpass.txt".
1746105370: Error opening password file "mosquitto/config/mqttpass.txt".
1746105383: mosquitto version 2.0.21 starting
1746105383: Config loaded from /mosquitto/config/mosquitto.conf.
1746105383: Error: Unable to open pwfile "mosquitto/config/mqttpass.txt".
1746105383: Error opening password file "mosquitto/config/mqttpass.txt".
1746105409: mosquitto version 2.0.21 starting
1746105409: Config loaded from /mosquitto/config/mosquitto.conf.
1746105409: Error: Unable to open pwfile "mosquitto/config/mqttpass.txt".
1746105409: Error opening password file "mosquitto/config/mqttpass.txt".
1746105463: mosquitto version 2.0.21 starting
1746105463: Config loaded from /mosquitto/config/mosquitto.conf.
1746105463: Error: Unable to open pwfile "mosquitto/config/mqttpass.txt".
1746105463: Error opening password file "mosquitto/config/mqttpass.txt".
1746105528: mosquitto version 2.0.21 starting
1746105528: Config loaded from /mosquitto/config/mosquitto.conf.
1746105528: Error: Unable to open pwfile "mosquitto/config/mqttpass.txt".
1746105528: Error opening password file "mosquitto/config/mqttpass.txt".
1746105593: mosquitto version 2.0.21 starting
1746105593: Config loaded from /mosquitto/config/mosquitto.conf.
1746105593: Error: Unable to open pwfile "mosquitto/config/mqttpass.txt".
1746105593: Error opening password file "mosquitto/config/mqttpass.txt".
1746105659: mosquitto version 2.0.21 starting
1746105659: Config loaded from /mosquitto/config/mosquitto.conf.
1746105659: Error: Unable to open pwfile "mosquitto/config/mqttpass.txt".
1746105659: Error opening password file "mosquitto/config/mqttpass.txt".
1746105724: mosquitto version 2.0.21 starting
1746105724: Config loaded from /mosquitto/config/mosquitto.conf.
1746105724: Error: Unable to open pwfile "mosquitto/config/mqttpass.txt".
1746105724: Error opening password file "mosquitto/config/mqttpass.txt".
1746105790: mosquitto version 2.0.21 starting
1746105790: Config loaded from /mosquitto/config/mosquitto.conf.
1746105790: Error: Unable to open pwfile "mosquitto/config/mqttpass.txt".
1746105790: Error opening password file "mosquitto/config/mqttpass.txt".
1746105855: mosquitto version 2.0.21 starting
1746105855: Config loaded from /mosquitto/config/mosquitto.conf.
1746105855: Error: Unable to open pwfile "mosquitto/config/mqttpass.txt".
1746105855: Error opening password file "mosquitto/config/mqttpass.txt".
1746105921: mosquitto version 2.0.21 starting
1746105921: Config loaded from /mosquitto/config/mosquitto.conf.
1746105921: Error: Unable to open pwfile "mosquitto/config/mqttpass.txt".
1746105921: Error opening password file "mosquitto/config/mqttpass.txt".
1746105986: mosquitto version 2.0.21 starting
1746105986: Config loaded from /mosquitto/config/mosquitto.conf.
1746105986: Error: Unable to open pwfile "mosquitto/config/mqttpass.txt".
1746105986: Error opening password file "mosquitto/config/mqttpass.txt".
1746106052: mosquitto version 2.0.21 starting
1746106052: Config loaded from /mosquitto/config/mosquitto.conf.
1746106052: Error: Unable to open pwfile "mosquitto/config/mqttpass.txt".
1746106052: Error opening password file "mosquitto/config/mqttpass.txt".
1746106117: mosquitto version 2.0.21 starting
1746106117: Config loaded from /mosquitto/config/mosquitto.conf.
1746106117: Error: Unable to open pwfile "mosquitto/config/mqttpass.txt".
1746106117: Error opening password file "mosquitto/config/mqttpass.txt".
1746106183: mosquitto version 2.0.21 starting
1746106183: Config loaded from /mosquitto/config/mosquitto.conf.
1746106183: Error: Unable to open pwfile "mosquitto/config/mqttpass.txt".
1746106183: Error opening password file "mosquitto/config/mqttpass.txt".
1746106249: mosquitto version 2.0.21 starting
1746106249: Config loaded from /mosquitto/config/mosquitto.conf.
1746106249: Error: Unable to open pwfile "mosquitto/config/mqttpass.txt".
1746106249: Error opening password file "mosquitto/config/mqttpass.txt".
1746106314: mosquitto version 2.0.21 starting
1746106314: Config loaded from /mosquitto/config/mosquitto.conf.
1746106314: Error: Unable to open pwfile "mosquitto/config/mqttpass.txt".
1746106314: Error opening password file "mosquitto/config/mqttpass.txt".
1746106380: mosquitto version 2.0.21 starting
1746106380: Config loaded from /mosquitto/config/mosquitto.conf.
1746106380: Error: Unable to open pwfile "mosquitto/config/mqttpass.txt".
1746106380: Error opening password file "mosquitto/config/mqttpass.txt".
1746106446: mosquitto version 2.0.21 starting
1746106446: Config loaded from /mosquitto/config/mosquitto.conf.
1746106446: Error: Unable to open pwfile "mosquitto/config/mqttpass.txt".
1746106446: Error opening password file "mosquitto/config/mqttpass.txt".
1746106511: mosquitto version 2.0.21 starting
1746106511: Config loaded from /mosquitto/config/mosquitto.conf.
1746106511: Error: Unable to open pwfile "mosquitto/config/mqttpass.txt".
1746106511: Error opening password file "mosquitto/config/mqttpass.txt".
1746106577: mosquitto version 2.0.21 starting
1746106577: Config loaded from /mosquitto/config/mosquitto.conf.
1746106577: Error: Unable to open pwfile "mosquitto/config/mqttpass.txt".
1746106577: Error opening password file "mosquitto/config/mqttpass.txt".
1746106643: mosquitto version 2.0.21 starting
1746106643: Config loaded from /mosquitto/config/mosquitto.conf.
1746106643: Error: Unable to open pwfile "mosquitto/config/mqttpass.txt".
1746106643: Error opening password file "mosquitto/config/mqttpass.txt".
1746106709: mosquitto version 2.0.21 starting
1746106709: Config loaded from /mosquitto/config/mosquitto.conf.
1746106709: Error: Unable to open pwfile "mosquitto/config/mqttpass.txt".
1746106709: Error opening password file "mosquitto/config/mqttpass.txt".
1746106774: mosquitto version 2.0.21 starting
1746106774: Config loaded from /mosquitto/config/mosquitto.conf.
1746106774: Error: Unable to open pwfile "mosquitto/config/mqttpass.txt".
1746106774: Error opening password file "mosquitto/config/mqttpass.txt".
1746106840: mosquitto version 2.0.21 starting
1746106840: Config loaded from /mosquitto/config/mosquitto.conf.
1746106840: Error: Unable to open pwfile "mosquitto/config/mqttpass.txt".
1746106840: Error opening password file "mosquitto/config/mqttpass.txt".
1746106906: mosquitto version 2.0.21 starting
1746106906: Config loaded from /mosquitto/config/mosquitto.conf.
1746106906: Error: Unable to open pwfile "mosquitto/config/mqttpass.txt".
1746106906: Error opening password file "mosquitto/config/mqttpass.txt".
1746106972: mosquitto version 2.0.21 starting
1746106972: Config loaded from /mosquitto/config/mosquitto.conf.
1746106972: Error: Unable to open pwfile "mosquitto/config/mqttpass.txt".
1746106972: Error opening password file "mosquitto/config/mqttpass.txt".
1746107037: mosquitto version 2.0.21 starting
1746107037: Config loaded from /mosquitto/config/mosquitto.conf.
1746107037: Error: Unable to open pwfile "mosquitto/config/mqttpass.txt".
1746107037: Error opening password file "mosquitto/config/mqttpass.txt".
1746107103: mosquitto version 2.0.21 starting
1746107103: Config loaded from /mosquitto/config/mosquitto.conf.
1746107103: Error: Unable to open pwfile "mosquitto/config/mqttpass.txt".
1746107103: Error opening password file "mosquitto/config/mqttpass.txt".
1746107172: mosquitto version 2.0.21 starting
1746107172: Config loaded from /mosquitto/config/mosquitto.conf.
1746107172: Error: Unable to open pwfile "mosquitto/config/mqttpass.txt".
1746107172: Error opening password file "mosquitto/config/mqttpass.txt".
1746107237: mosquitto version 2.0.21 starting
1746107237: Config loaded from /mosquitto/config/mosquitto.conf.
1746107237: Error: Unable to open pwfile "mosquitto/config/mqttpass.txt".
1746107237: Error opening password file "mosquitto/config/mqttpass.txt".
1746107303: mosquitto version 2.0.21 starting
1746107303: Config loaded from /mosquitto/config/mosquitto.conf.
1746107303: Error: Unable to open pwfile "mosquitto/config/mqttpass.txt".
1746107303: Error opening password file "mosquitto/config/mqttpass.txt".
1746107369: mosquitto version 2.0.21 starting
1746107369: Config loaded from /mosquitto/config/mosquitto.conf.
1746107369: Error: Unable to open pwfile "mosquitto/config/mqttpass.txt".
1746107369: Error opening password file "mosquitto/config/mqttpass.txt".
1746107435: mosquitto version 2.0.21 starting
1746107435: Config loaded from /mosquitto/config/mosquitto.conf.
1746107435: Error: Unable to open pwfile "mosquitto/config/mqttpass.txt".
1746107435: Error opening password file "mosquitto/config/mqttpass.txt".
1746107500: mosquitto version 2.0.21 starting
1746107500: Config loaded from /mosquitto/config/mosquitto.conf.
1746107500: Error: Unable to open pwfile "mosquitto/config/mqttpass.txt".
1746107500: Error opening password file "mosquitto/config/mqttpass.txt".
1746107566: mosquitto version 2.0.21 starting
1746107566: Config loaded from /mosquitto/config/mosquitto.conf.
1746107566: Error: Unable to open pwfile "mosquitto/config/mqttpass.txt".
1746107566: Error opening password file "mosquitto/config/mqttpass.txt".
